# JRE version: Java(TM) SE Runtime Environment (17.0.6+9) (build 17.0.6+9-LTS-190)
# Java VM: Java HotSpot(TM) 64-Bit Server VM (17.0.6+9-LTS-190, mixed mode, sharing, tiered, compressed oops, compressed class ptrs, g1 gc, windows-amd64)
GC Precious Log:
 CPUs: 4 total, 4 available
 Memory: 4043M
 Large Page Support: Disabled
 NUMA Support: Disabled
 Compressed Oops: Enabled (32-bit)
 Heap Region Size: 1M
 Heap Min Capacity: 8M
 Heap Initial Capacity: 64M
 Heap Max Capacity: 1012M
 Pre-touch: Disabled
 Parallel Workers: 4
 Concurrent Workers: 1
 Concurrent Refinement Workers: 4
 Periodic GC: Disabled
Heap:
 garbage-first heap   total 91136K, used 30669K [0x00000000c0c00000, 0x0000000100000000)
  region size 1024K, 2 young (2048K), 1 survivors (1024K)
 Metaspace       used 62258K, committed 62784K, reserved 1105920K
  class space    used 8104K, committed 8384K, reserved 1048576K
GC Heap History (20 events):
Event: 1381.455 GC heap before
{Heap before GC invocations=58 (full 3):
 garbage-first heap   total 65536K, used 51529K [0x00000000c0c00000, 0x0000000100000000)
  region size 1024K, 23 young (23552K), 2 survivors (2048K)
 Metaspace       used 61406K, committed 61952K, reserved 1105920K
  class space    used 8054K, committed 8320K, reserved 1048576K
}
Event: 1381.464 GC heap after
{Heap after GC invocations=59 (full 3):
 garbage-first heap   total 65536K, used 31449K [0x00000000c0c00000, 0x0000000100000000)
  region size 1024K, 3 young (3072K), 3 survivors (3072K)
 Metaspace       used 61406K, committed 61952K, reserved 1105920K
  class space    used 8054K, committed 8320K, reserved 1048576K
}
Event: 1449.111 GC heap before
{Heap before GC invocations=60 (full 3):
 garbage-first heap   total 65536K, used 36411K [0x00000000c0c00000, 0x0000000100000000)
  region size 1024K, 9 young (9216K), 3 survivors (3072K)
 Metaspace       used 61403K, committed 61952K, reserved 1105920K
  class space    used 8053K, committed 8320K, reserved 1048576K
}
Event: 1449.197 GC heap after
{Heap after GC invocations=61 (full 4):
 garbage-first heap   total 65536K, used 23915K [0x00000000c0c00000, 0x0000000100000000)
  region size 1024K, 0 young (0K), 0 survivors (0K)
 Metaspace       used 61383K, committed 61952K, reserved 1105920K
  class space    used 8050K, committed 8320K, reserved 1048576K
}
Event: 1450.973 GC heap before
{Heap before GC invocations=61 (full 4):
 garbage-first heap   total 65536K, used 51563K [0x00000000c0c00000, 0x0000000100000000)
  region size 1024K, 27 young (27648K), 0 survivors (0K)
 Metaspace       used 61569K, committed 62080K, reserved 1105920K
  class space    used 8071K, committed 8320K, reserved 1048576K
}
Event: 1450.977 GC heap after
{Heap after GC invocations=62 (full 4):
 garbage-first heap   total 65536K, used 26196K [0x00000000c0c00000, 0x0000000100000000)
  region size 1024K, 3 young (3072K), 3 survivors (3072K)
 Metaspace       used 61569K, committed 62080K, reserved 1105920K
  class space    used 8071K, committed 8320K, reserved 1048576K
}
Event: 1451.670 GC heap before
{Heap before GC invocations=63 (full 4):
 garbage-first heap   total 65536K, used 50772K [0x00000000c0c00000, 0x0000000100000000)
  region size 1024K, 27 young (27648K), 3 survivors (3072K)
 Metaspace       used 61832K, committed 62336K, reserved 1105920K
  class space    used 8081K, committed 8320K, reserved 1048576K
}
Event: 1451.678 GC heap after
{Heap after GC invocations=64 (full 4):
 garbage-first heap   total 65536K, used 28019K [0x00000000c0c00000, 0x0000000100000000)
  region size 1024K, 4 young (4096K), 4 survivors (4096K)
 Metaspace       used 61832K, committed 62336K, reserved 1105920K
  class space    used 8081K, committed 8320K, reserved 1048576K
}
Event: 1451.943 GC heap before
{Heap before GC invocations=64 (full 4):
 garbage-first heap   total 65536K, used 50547K [0x00000000c0c00000, 0x0000000100000000)
  region size 1024K, 26 young (26624K), 4 survivors (4096K)
 Metaspace       used 62008K, committed 62464K, reserved 1105920K
  class space    used 8092K, committed 8320K, reserved 1048576K
}
Event: 1451.972 GC heap after
{Heap after GC invocations=65 (full 4):
 garbage-first heap   total 65536K, used 29126K [0x00000000c0c00000, 0x0000000100000000)
  region size 1024K, 4 young (4096K), 4 survivors (4096K)
 Metaspace       used 62008K, committed 62464K, reserved 1105920K
  class space    used 8092K, committed 8320K, reserved 1048576K
}
Event: 1455.374 GC heap before
{Heap before GC invocations=66 (full 4):
 garbage-first heap   total 71680K, used 51654K [0x00000000c0c00000, 0x0000000100000000)
  region size 1024K, 26 young (26624K), 4 survivors (4096K)
 Metaspace       used 62223K, committed 62720K, reserved 1105920K
  class space    used 8105K, committed 8384K, reserved 1048576K
}
Event: 1455.381 GC heap after
{Heap after GC invocations=67 (full 4):
 garbage-first heap   total 71680K, used 29776K [0x00000000c0c00000, 0x0000000100000000)
  region size 1024K, 2 young (2048K), 2 survivors (2048K)
 Metaspace       used 62223K, committed 62720K, reserved 1105920K
  class space    used 8105K, committed 8384K, reserved 1048576K
}
Event: 1546.853 GC heap before
{Heap before GC invocations=67 (full 4):
 garbage-first heap   total 71680K, used 57424K [0x00000000c0c00000, 0x0000000100000000)
  region size 1024K, 29 young (29696K), 2 survivors (2048K)
 Metaspace       used 62280K, committed 62784K, reserved 1105920K
  class space    used 8107K, committed 8384K, reserved 1048576K
}
Event: 1574.273 GC heap after
{Heap after GC invocations=68 (full 4):
 garbage-first heap   total 91136K, used 30573K [0x00000000c0c00000, 0x0000000100000000)
  region size 1024K, 3 young (3072K), 3 survivors (3072K)
 Metaspace       used 62280K, committed 62784K, reserved 1105920K
  class space    used 8107K, committed 8384K, reserved 1048576K
}
Event: 1591.206 GC heap before
{Heap before GC invocations=69 (full 4):
 garbage-first heap   total 91136K, used 31597K [0x00000000c0c00000, 0x0000000100000000)
  region size 1024K, 4 young (4096K), 3 survivors (3072K)
 Metaspace       used 62278K, committed 62784K, reserved 1105920K
  class space    used 8107K, committed 8384K, reserved 1048576K
}
Event: 1591.215 GC heap after
{Heap after GC invocations=70 (full 4):
 garbage-first heap   total 91136K, used 30789K [0x00000000c0c00000, 0x0000000100000000)
  region size 1024K, 1 young (1024K), 1 survivors (1024K)
 Metaspace       used 62278K, committed 62784K, reserved 1105920K
  class space    used 8107K, committed 8384K, reserved 1048576K
}
Event: 1647.485 GC heap before
{Heap before GC invocations=70 (full 4):
 garbage-first heap   total 91136K, used 33861K [0x00000000c0c00000, 0x0000000100000000)
  region size 1024K, 4 young (4096K), 1 survivors (1024K)
 Metaspace       used 62278K, committed 62784K, reserved 1105920K
  class space    used 8107K, committed 8384K, reserved 1048576K
}
Event: 1647.490 GC heap after
{Heap after GC invocations=71 (full 4):
 garbage-first heap   total 91136K, used 30756K [0x00000000c0c00000, 0x0000000100000000)
  region size 1024K, 1 young (1024K), 1 survivors (1024K)
 Metaspace       used 62278K, committed 62784K, reserved 1105920K
  class space    used 8107K, committed 8384K, reserved 1048576K
}
Event: 1704.932 GC heap before
{Heap before GC invocations=71 (full 4):
 garbage-first heap   total 91136K, used 33828K [0x00000000c0c00000, 0x0000000100000000)
  region size 1024K, 4 young (4096K), 1 survivors (1024K)
 Metaspace       used 62278K, committed 62784K, reserved 1105920K
  class space    used 8107K, committed 8384K, reserved 1048576K
}
Event: 1704.945 GC heap after
{Heap after GC invocations=72 (full 4):
 garbage-first heap   total 91136K, used 30669K [0x00000000c0c00000, 0x0000000100000000)
  region size 1024K, 1 young (1024K), 1 survivors (1024K)
 Metaspace       used 62278K, committed 62784K, reserved 1105920K
  class space    used 8107K, committed 8384K, reserved 1048576K
}

