# JRE version: Java(TM) SE Runtime Environment (17.0.6+9) (build 17.0.6+9-LTS-190)
# Java VM: Java HotSpot(TM) 64-Bit Server VM (17.0.6+9-LTS-190, mixed mode, sharing, tiered, compressed oops, compressed class ptrs, g1 gc, windows-amd64)
GC Precious Log:
 CPUs: 4 total, 4 available
 Memory: 4043M
 Large Page Support: Disabled
 NUMA Support: Disabled
 Compressed Oops: Enabled (32-bit)
 Heap Region Size: 1M
 Heap Min Capacity: 8M
 Heap Initial Capacity: 64M
 Heap Max Capacity: 1012M
 Pre-touch: Disabled
 Parallel Workers: 4
 Concurrent Workers: 1
 Concurrent Refinement Workers: 4
 Periodic GC: Disabled
Heap:
 garbage-first heap   total 118784K, used 53410K [0x00000000c0c00000, 0x0000000100000000)
  region size 1024K, 22 young (22528K), 6 survivors (6144K)
 Metaspace       used 26075K, committed 26432K, reserved 1073152K
  class space    used 2882K, committed 3072K, reserved 1048576K
GC Heap History (20 events):
Event: 1.003 GC heap before
{Heap before GC invocations=1 (full 0):
 garbage-first heap   total 65536K, used 17456K [0x00000000c0c00000, 0x0000000100000000)
  region size 1024K, 16 young (16384K), 2 survivors (2048K)
 Metaspace       used 5221K, committed 5376K, reserved 1056768K
  class space    used 611K, committed 704K, reserved 1048576K
}
Event: 1.009 GC heap after
{Heap after GC invocations=2 (full 0):
 garbage-first heap   total 65536K, used 3748K [0x00000000c0c00000, 0x0000000100000000)
  region size 1024K, 1 young (1024K), 1 survivors (1024K)
 Metaspace       used 5221K, committed 5376K, reserved 1056768K
  class space    used 611K, committed 704K, reserved 1048576K
}
Event: 2.756 GC heap before
{Heap before GC invocations=2 (full 0):
 garbage-first heap   total 65536K, used 41636K [0x00000000c0c00000, 0x0000000100000000)
  region size 1024K, 38 young (38912K), 1 survivors (1024K)
 Metaspace       used 11942K, committed 12160K, reserved 1064960K
  class space    used 1424K, committed 1536K, reserved 1048576K
}
Event: 2.767 GC heap after
{Heap after GC invocations=3 (full 0):
 garbage-first heap   total 65536K, used 6812K [0x00000000c0c00000, 0x0000000100000000)
  region size 1024K, 4 young (4096K), 4 survivors (4096K)
 Metaspace       used 11942K, committed 12160K, reserved 1064960K
  class space    used 1424K, committed 1536K, reserved 1048576K
}
Event: 4.593 GC heap before
{Heap before GC invocations=3 (full 0):
 garbage-first heap   total 65536K, used 41628K [0x00000000c0c00000, 0x0000000100000000)
  region size 1024K, 38 young (38912K), 4 survivors (4096K)
 Metaspace       used 12730K, committed 12864K, reserved 1064960K
  class space    used 1466K, committed 1536K, reserved 1048576K
}
Event: 4.609 GC heap after
{Heap after GC invocations=4 (full 0):
 garbage-first heap   total 65536K, used 10669K [0x00000000c0c00000, 0x0000000100000000)
  region size 1024K, 4 young (4096K), 4 survivors (4096K)
 Metaspace       used 12730K, committed 12864K, reserved 1064960K
  class space    used 1466K, committed 1536K, reserved 1048576K
}
Event: 5.901 GC heap before
{Heap before GC invocations=4 (full 0):
 garbage-first heap   total 65536K, used 44461K [0x00000000c0c00000, 0x0000000100000000)
  region size 1024K, 37 young (37888K), 4 survivors (4096K)
 Metaspace       used 13249K, committed 13440K, reserved 1064960K
  class space    used 1486K, committed 1600K, reserved 1048576K
}
Event: 5.913 GC heap after
{Heap after GC invocations=5 (full 0):
 garbage-first heap   total 65536K, used 12658K [0x00000000c0c00000, 0x0000000100000000)
  region size 1024K, 3 young (3072K), 3 survivors (3072K)
 Metaspace       used 13249K, committed 13440K, reserved 1064960K
  class space    used 1486K, committed 1600K, reserved 1048576K
}
Event: 8.538 GC heap before
{Heap before GC invocations=5 (full 0):
 garbage-first heap   total 65536K, used 46450K [0x00000000c0c00000, 0x0000000100000000)
  region size 1024K, 36 young (36864K), 3 survivors (3072K)
 Metaspace       used 14570K, committed 14784K, reserved 1064960K
  class space    used 1596K, committed 1664K, reserved 1048576K
}
Event: 8.549 GC heap after
{Heap after GC invocations=6 (full 0):
 garbage-first heap   total 65536K, used 14581K [0x00000000c0c00000, 0x0000000100000000)
  region size 1024K, 5 young (5120K), 5 survivors (5120K)
 Metaspace       used 14570K, committed 14784K, reserved 1064960K
  class space    used 1596K, committed 1664K, reserved 1048576K
}
Event: 11.556 GC heap before
{Heap before GC invocations=6 (full 0):
 garbage-first heap   total 65536K, used 31989K [0x00000000c0c00000, 0x0000000100000000)
  region size 1024K, 23 young (23552K), 5 survivors (5120K)
 Metaspace       used 21273K, committed 21504K, reserved 1073152K
  class space    used 2410K, committed 2560K, reserved 1048576K
}
Event: 11.567 GC heap after
{Heap after GC invocations=7 (full 0):
 garbage-first heap   total 65536K, used 15960K [0x00000000c0c00000, 0x0000000100000000)
  region size 1024K, 4 young (4096K), 4 survivors (4096K)
 Metaspace       used 21273K, committed 21504K, reserved 1073152K
  class space    used 2410K, committed 2560K, reserved 1048576K
}
Event: 12.418 GC heap before
{Heap before GC invocations=8 (full 0):
 garbage-first heap   total 65536K, used 49752K [0x00000000c0c00000, 0x0000000100000000)
  region size 1024K, 36 young (36864K), 4 survivors (4096K)
 Metaspace       used 22980K, committed 23360K, reserved 1073152K
  class space    used 2579K, committed 2752K, reserved 1048576K
}
Event: 12.441 GC heap after
{Heap after GC invocations=9 (full 0):
 garbage-first heap   total 68608K, used 31155K [0x00000000c0c00000, 0x0000000100000000)
  region size 1024K, 5 young (5120K), 5 survivors (5120K)
 Metaspace       used 22980K, committed 23360K, reserved 1073152K
  class space    used 2579K, committed 2752K, reserved 1048576K
}
Event: 12.476 GC heap before
{Heap before GC invocations=9 (full 0):
 garbage-first heap   total 68608K, used 32179K [0x00000000c0c00000, 0x0000000100000000)
  region size 1024K, 6 young (6144K), 5 survivors (5120K)
 Metaspace       used 23012K, committed 23360K, reserved 1073152K
  class space    used 2581K, committed 2752K, reserved 1048576K
}
Event: 12.486 GC heap after
{Heap after GC invocations=10 (full 0):
 garbage-first heap   total 68608K, used 31811K [0x00000000c0c00000, 0x0000000100000000)
  region size 1024K, 1 young (1024K), 1 survivors (1024K)
 Metaspace       used 23012K, committed 23360K, reserved 1073152K
  class space    used 2581K, committed 2752K, reserved 1048576K
}
Event: 12.921 GC heap before
{Heap before GC invocations=10 (full 0):
 garbage-first heap   total 68608K, used 49219K [0x00000000c0c00000, 0x0000000100000000)
  region size 1024K, 18 young (18432K), 1 survivors (1024K)
 Metaspace       used 23615K, committed 23872K, reserved 1073152K
  class space    used 2630K, committed 2752K, reserved 1048576K
}
Event: 12.928 GC heap after
{Heap after GC invocations=11 (full 0):
 garbage-first heap   total 118784K, used 34747K [0x00000000c0c00000, 0x0000000100000000)
  region size 1024K, 3 young (3072K), 3 survivors (3072K)
 Metaspace       used 23615K, committed 23872K, reserved 1073152K
  class space    used 2630K, committed 2752K, reserved 1048576K
}
Event: 15.245 GC heap before
{Heap before GC invocations=12 (full 0):
 garbage-first heap   total 118784K, used 79803K [0x00000000c0c00000, 0x0000000100000000)
  region size 1024K, 47 young (48128K), 3 survivors (3072K)
 Metaspace       used 25688K, committed 26048K, reserved 1073152K
  class space    used 2841K, committed 3008K, reserved 1048576K
}
Event: 15.261 GC heap after
{Heap after GC invocations=13 (full 0):
 garbage-first heap   total 118784K, used 38050K [0x00000000c0c00000, 0x0000000100000000)
  region size 1024K, 6 young (6144K), 6 survivors (6144K)
 Metaspace       used 25688K, committed 26048K, reserved 1073152K
  class space    used 2841K, committed 3008K, reserved 1048576K
}

