# JRE version: Java(TM) SE Runtime Environment (17.0.6+9) (build 17.0.6+9-LTS-190)
# Java VM: Java HotSpot(TM) 64-Bit Server VM (17.0.6+9-LTS-190, mixed mode, sharing, tiered, compressed oops, compressed class ptrs, g1 gc, windows-amd64)
GC Precious Log:
 CPUs: 4 total, 4 available
 Memory: 4043M
 Large Page Support: Disabled
 NUMA Support: Disabled
 Compressed Oops: Enabled (32-bit)
 Heap Region Size: 1M
 Heap Min Capacity: 8M
 Heap Initial Capacity: 64M
 Heap Max Capacity: 1012M
 Pre-touch: Disabled
 Parallel Workers: 4
 Concurrent Workers: 1
 Concurrent Refinement Workers: 4
 Periodic GC: Disabled
Heap:
 garbage-first heap   total 48128K, used 24923K [0x00000000c0c00000, 0x0000000100000000)
  region size 1024K, 3 young (3072K), 2 survivors (2048K)
 Metaspace       used 56646K, committed 57024K, reserved 1105920K
  class space    used 7645K, committed 7808K, reserved 1048576K
GC Heap History (20 events):
Event: 21.674 GC heap before
{Heap before GC invocations=8 (full 0):
 garbage-first heap   total 48128K, used 35485K [0x00000000c0c00000, 0x0000000100000000)
  region size 1024K, 25 young (25600K), 5 survivors (5120K)
 Metaspace       used 29746K, committed 30080K, reserved 1081344K
  class space    used 3851K, committed 4032K, reserved 1048576K
}
Event: 21.691 GC heap after
{Heap after GC invocations=9 (full 0):
 garbage-first heap   total 48128K, used 17408K [0x00000000c0c00000, 0x0000000100000000)
  region size 1024K, 3 young (3072K), 3 survivors (3072K)
 Metaspace       used 29746K, committed 30080K, reserved 1081344K
  class space    used 3851K, committed 4032K, reserved 1048576K
}
Event: 24.012 GC heap before
{Heap before GC invocations=9 (full 0):
 garbage-first heap   total 48128K, used 34816K [0x00000000c0c00000, 0x0000000100000000)
  region size 1024K, 20 young (20480K), 3 survivors (3072K)
 Metaspace       used 31609K, committed 31872K, reserved 1081344K
  class space    used 4078K, committed 4224K, reserved 1048576K
}
Event: 24.020 GC heap after
{Heap after GC invocations=10 (full 0):
 garbage-first heap   total 48128K, used 18507K [0x00000000c0c00000, 0x0000000100000000)
  region size 1024K, 2 young (2048K), 2 survivors (2048K)
 Metaspace       used 31609K, committed 31872K, reserved 1081344K
  class space    used 4078K, committed 4224K, reserved 1048576K
}
Event: 26.786 GC heap before
{Heap before GC invocations=10 (full 0):
 garbage-first heap   total 48128K, used 32843K [0x00000000c0c00000, 0x0000000100000000)
  region size 1024K, 17 young (17408K), 2 survivors (2048K)
 Metaspace       used 35730K, committed 35968K, reserved 1081344K
  class space    used 4819K, committed 4928K, reserved 1048576K
}
Event: 26.792 GC heap after
{Heap after GC invocations=11 (full 0):
 garbage-first heap   total 48128K, used 19043K [0x00000000c0c00000, 0x0000000100000000)
  region size 1024K, 2 young (2048K), 2 survivors (2048K)
 Metaspace       used 35730K, committed 35968K, reserved 1081344K
  class space    used 4819K, committed 4928K, reserved 1048576K
}
Event: 33.638 GC heap before
{Heap before GC invocations=12 (full 0):
 garbage-first heap   total 48128K, used 36451K [0x00000000c0c00000, 0x0000000100000000)
  region size 1024K, 20 young (20480K), 2 survivors (2048K)
 Metaspace       used 44362K, committed 44736K, reserved 1089536K
  class space    used 5894K, committed 6080K, reserved 1048576K
}
Event: 33.646 GC heap after
{Heap after GC invocations=13 (full 0):
 garbage-first heap   total 48128K, used 21371K [0x00000000c0c00000, 0x0000000100000000)
  region size 1024K, 3 young (3072K), 3 survivors (3072K)
 Metaspace       used 44362K, committed 44736K, reserved 1089536K
  class space    used 5894K, committed 6080K, reserved 1048576K
}
Event: 33.786 GC heap before
{Heap before GC invocations=13 (full 0):
 garbage-first heap   total 48128K, used 22395K [0x00000000c0c00000, 0x0000000100000000)
  region size 1024K, 4 young (4096K), 3 survivors (3072K)
 Metaspace       used 44498K, committed 44800K, reserved 1089536K
  class space    used 5921K, committed 6080K, reserved 1048576K
}
Event: 33.795 GC heap after
{Heap after GC invocations=14 (full 0):
 garbage-first heap   total 48128K, used 21542K [0x00000000c0c00000, 0x0000000100000000)
  region size 1024K, 1 young (1024K), 1 survivors (1024K)
 Metaspace       used 44498K, committed 44800K, reserved 1089536K
  class space    used 5921K, committed 6080K, reserved 1048576K
}
Event: 35.820 GC heap before
{Heap before GC invocations=14 (full 0):
 garbage-first heap   total 48128K, used 35878K [0x00000000c0c00000, 0x0000000100000000)
  region size 1024K, 16 young (16384K), 1 survivors (1024K)
 Metaspace       used 48483K, committed 48832K, reserved 1097728K
  class space    used 6475K, committed 6656K, reserved 1048576K
}
Event: 35.824 GC heap after
{Heap after GC invocations=15 (full 0):
 garbage-first heap   total 48128K, used 22052K [0x00000000c0c00000, 0x0000000100000000)
  region size 1024K, 1 young (1024K), 1 survivors (1024K)
 Metaspace       used 48483K, committed 48832K, reserved 1097728K
  class space    used 6475K, committed 6656K, reserved 1048576K
}
Event: 38.811 GC heap before
{Heap before GC invocations=15 (full 0):
 garbage-first heap   total 48128K, used 37412K [0x00000000c0c00000, 0x0000000100000000)
  region size 1024K, 16 young (16384K), 1 survivors (1024K)
 Metaspace       used 51641K, committed 51968K, reserved 1097728K
  class space    used 6990K, committed 7168K, reserved 1048576K
}
Event: 38.815 GC heap after
{Heap after GC invocations=16 (full 0):
 garbage-first heap   total 48128K, used 22535K [0x00000000c0c00000, 0x0000000100000000)
  region size 1024K, 2 young (2048K), 2 survivors (2048K)
 Metaspace       used 51641K, committed 51968K, reserved 1097728K
  class space    used 6990K, committed 7168K, reserved 1048576K
}
Event: 43.977 GC heap before
{Heap before GC invocations=16 (full 0):
 garbage-first heap   total 48128K, used 37895K [0x00000000c0c00000, 0x0000000100000000)
  region size 1024K, 17 young (17408K), 2 survivors (2048K)
 Metaspace       used 54690K, committed 55040K, reserved 1097728K
  class space    used 7377K, committed 7552K, reserved 1048576K
}
Event: 43.983 GC heap after
{Heap after GC invocations=17 (full 0):
 garbage-first heap   total 48128K, used 23732K [0x00000000c0c00000, 0x0000000100000000)
  region size 1024K, 3 young (3072K), 3 survivors (3072K)
 Metaspace       used 54690K, committed 55040K, reserved 1097728K
  class space    used 7377K, committed 7552K, reserved 1048576K
}
Event: 45.591 GC heap before
{Heap before GC invocations=17 (full 0):
 garbage-first heap   total 48128K, used 38068K [0x00000000c0c00000, 0x0000000100000000)
  region size 1024K, 17 young (17408K), 3 survivors (3072K)
 Metaspace       used 56109K, committed 56448K, reserved 1097728K
  class space    used 7583K, committed 7744K, reserved 1048576K
}
Event: 45.612 GC heap after
{Heap after GC invocations=18 (full 0):
 garbage-first heap   total 48128K, used 24406K [0x00000000c0c00000, 0x0000000100000000)
  region size 1024K, 2 young (2048K), 2 survivors (2048K)
 Metaspace       used 56109K, committed 56448K, reserved 1097728K
  class space    used 7583K, committed 7744K, reserved 1048576K
}
Event: 49.766 GC heap before
{Heap before GC invocations=18 (full 0):
 garbage-first heap   total 48128K, used 38742K [0x00000000c0c00000, 0x0000000100000000)
  region size 1024K, 16 young (16384K), 2 survivors (2048K)
 Metaspace       used 56646K, committed 57024K, reserved 1105920K
  class space    used 7645K, committed 7808K, reserved 1048576K
}
Event: 49.776 GC heap after
{Heap after GC invocations=19 (full 0):
 garbage-first heap   total 48128K, used 24923K [0x00000000c0c00000, 0x0000000100000000)
  region size 1024K, 2 young (2048K), 2 survivors (2048K)
 Metaspace       used 56646K, committed 57024K, reserved 1105920K
  class space    used 7645K, committed 7808K, reserved 1048576K
}

